<?xml version="1.0" encoding="UTF-8"?>
<!-- Generated by org.testng.reporters.JUnitXMLReporter -->
<testsuite ignored="0" hostname="HOQA2406106172A" failures="0" tests="2" name="Default test" time="51.263" errors="0" timestamp="2023-04-10T14:38:58 BDT">
  <testcase classname="Automation_Amity.Amity" name="TestCase_1_SearchUserWithPartialTextMatch" time="24.677"/>
  <testcase classname="Automation_Amity.Amity" name="TestCase_2_VerifyUserCanAddPayGrades" time="26.546"/>
</testsuite> <!-- Default test -->
