<?xml version="1.0" encoding="UTF-8"?>
<testng-results ignored="0" total="2" passed="2" failed="0" skipped="0">
  <reporter-output>
  </reporter-output>
  <suite started-at="2023-04-10T14:38:07 BDT" name="Default suite" finished-at="2023-04-10T14:38:58 BDT" duration-ms="51263">
    <groups>
    </groups>
    <test started-at="2023-04-10T14:38:07 BDT" name="Default test" finished-at="2023-04-10T14:38:58 BDT" duration-ms="51263">
      <class name="Automation_Amity.Amity">
        <test-method signature="TestCase_1_SearchUserWithPartialTextMatch()[pri:0, instance:Automation_Amity.Amity@942a29c]" started-at="2023-04-10T14:38:07 BDT" name="TestCase_1_SearchUserWithPartialTextMatch" finished-at="2023-04-10T14:38:32 BDT" duration-ms="24677" status="PASS">
          <reporter-output>
          </reporter-output>
        </test-method> <!-- TestCase_1_SearchUserWithPartialTextMatch -->
        <test-method signature="TestCase_2_VerifyUserCanAddPayGrades()[pri:0, instance:Automation_Amity.Amity@942a29c]" started-at="2023-04-10T14:38:32 BDT" name="TestCase_2_VerifyUserCanAddPayGrades" finished-at="2023-04-10T14:38:58 BDT" duration-ms="26546" status="PASS">
          <reporter-output>
          </reporter-output>
        </test-method> <!-- TestCase_2_VerifyUserCanAddPayGrades -->
      </class> <!-- Automation_Amity.Amity -->
    </test> <!-- Default test -->
  </suite> <!-- Default suite -->
</testng-results>
